main.js:17 Uncaught ReferenceError: browser is not defined
    at main.js:17:72
(anonymous) @ main.js:17
main.js:17 Uncaught ReferenceError: browser is not defined
    at main.js:17:72
(anonymous) @ main.js:17
main.js:46 Uncaught Error
    at _.Nc (main.js:46:290)
    at oaa (main.js:64:239)
    at Re (main.js:63:172)
    at new _.H (main.js:287:2258)
    at new _.JA (common.js:138:2282)
    at Object.wwb [as Eg] (search_impl.js:3:23)
    at search.js:3:536
_.Nc @ main.js:46
oaa @ main.js:64
Re @ main.js:63
_.H @ main.js:287
_.JA @ common.js:138
wwb @ search_impl.js:3
(anonymous) @ search.js:3
Promise.then
changed @ search.js:3
Zm @ main.js:172
_.Xm.set @ main.js:323
_.Xm.setValues @ main.js:324
xF @ search.js:3
pr @ init_embed.js:297
(anonymous) @ init_embed.js:293
u.Lb @ init_embed.js:272
setTimeout
u.start @ init_embed.js:271
Xn @ init_embed.js:271
or.changed @ init_embed.js:295
Ln @ init_embed.js:269
W.set @ init_embed.js:268
or @ init_embed.js:293
Ms @ init_embed.js:403
b @ init_embed.js:409
Bl @ init_embed.js:197
a @ init_embed.js:196
main.js:46 Uncaught Error
    at _.Nc (main.js:46:290)
    at oaa (main.js:64:239)
    at Re (main.js:63:172)
    at new _.H (main.js:287:2258)
    at new _.JA (common.js:138:2282)
    at Object.wwb [as Eg] (search_impl.js:3:23)
    at search.js:3:536
_.Nc @ main.js:46
oaa @ main.js:64
Re @ main.js:63
_.H @ main.js:287
_.JA @ common.js:138
wwb @ search_impl.js:3
(anonymous) @ search.js:3
Promise.then
changed @ search.js:3
Zm @ main.js:172
_.Xm.set @ main.js:323
_.Xm.setValues @ main.js:324
xF @ search.js:3
pr @ init_embed.js:297
(anonymous) @ init_embed.js:293
u.Lb @ init_embed.js:272
setTimeout
u.start @ init_embed.js:271
Xn @ init_embed.js:271
or.changed @ init_embed.js:295
Ln @ init_embed.js:269
W.set @ init_embed.js:268
or @ init_embed.js:293
Ms @ init_embed.js:403
b @ init_embed.js:409
Bl @ init_embed.js:197
a @ init_embed.js:196
main.js:46 Uncaught Error
    at _.Nc (main.js:46:290)
    at oaa (main.js:64:239)
    at Re (main.js:63:172)
    at new _.H (main.js:287:2258)
    at new _.JA (common.js:138:2282)
    at Object.wwb [as Eg] (search_impl.js:3:23)
    at search.js:3:536
_.Nc @ main.js:46
oaa @ main.js:64
Re @ main.js:63
_.H @ main.js:287
_.JA @ common.js:138
wwb @ search_impl.js:3
(anonymous) @ search.js:3
Promise.then
changed @ search.js:3
Zm @ main.js:172
_.Xm.set @ main.js:323
(anonymous) @ main.js:179
pr @ init_embed.js:297
(anonymous) @ init_embed.js:293
u.Lb @ init_embed.js:272
setTimeout
u.start @ init_embed.js:271
Xn @ init_embed.js:271
or.changed @ init_embed.js:295
Ln @ init_embed.js:269
W.set @ init_embed.js:268
or @ init_embed.js:293
Ms @ init_embed.js:403
b @ init_embed.js:409
Bl @ init_embed.js:197
a @ init_embed.js:196
